Der Buildvorgang wurde am 17.11.2012 23:31:04 gestartet.
     1>Projekt "C:\Users\ultradr3mer\Downloads\ultraFlow\ultraFlow\ultraFlow.vcxproj" auf Knoten "2", Build Ziel(e).
     1>ClCompile:
         C:\Program Files (x86)\Microsoft Visual Studio 11.0\VC\bin\CL.exe /c /I"C:\Users\ultradr3mer\Downloads\ultraFlow\glew-1.9.0\include" /I"C:\Users\ultradr3mer\Downloads\ultraFlow\SDL-1.2.15\include" /ZI /nologo /W3 /WX- /Od /Oy- /D WIN32 /D _DEBUG /D _CONSOLE /D _UNICODE /D UNICODE /Gm /EHsc /RTC1 /MDd /GS /fp:precise /Zc:wchar_t /Zc:forScope /Fo"Debug\\" /Fd"Debug\vc110.pdb" /Gd /TP /analyze- /errorReport:prompt CApp_OnInit.cpp
         CApp_OnInit.cpp
       Link:
         C:\Program Files (x86)\Microsoft Visual Studio 11.0\VC\bin\link.exe /ERRORREPORT:PROMPT /OUT:"C:\Users\ultradr3mer\Downloads\ultraFlow\Debug\ultraFlow.exe" /INCREMENTAL /NOLOGO /LIBPATH:"C:\Users\ultradr3mer\Downloads\ultraFlow\SDL-1.2.15\lib\x86" /LIBPATH:"C:\Users\ultradr3mer\Downloads\ultraFlow\glew-1.9.0\lib" SDL.lib SDLmain.lib OpenGL32.lib glew32.lib kernel32.lib user32.lib gdi32.lib winspool.lib comdlg32.lib advapi32.lib shell32.lib ole32.lib oleaut32.lib uuid.lib odbc32.lib odbccp32.lib /MANIFEST /MANIFESTUAC:"level='asInvoker' uiAccess='false'" /manifest:embed /DEBUG /PDB:"C:\Users\ultradr3mer\Downloads\ultraFlow\Debug\ultraFlow.pdb" /SUBSYSTEM:CONSOLE /TLBID:1 /DYNAMICBASE /NXCOMPAT /IMPLIB:"C:\Users\ultradr3mer\Downloads\ultraFlow\Debug\ultraFlow.lib" /MACHINE:X86 Debug\CApp.obj
         Debug\CApp_OnCleanup.obj
         Debug\CApp_OnEvent.obj
         Debug\CApp_OnInit.obj
         Debug\CApp_OnLoop.obj
         Debug\CApp_OnRender.obj
         Debug\DDSLoader.obj
         Debug\GenFunc.obj
         Debug\MeshData.obj
         Debug\Model.obj
         Debug\ShaderData.obj
         Debug\Texture.obj
         ultraFlow.vcxproj -> C:\Users\ultradr3mer\Downloads\ultraFlow\Debug\ultraFlow.exe
     1>Die Erstellung des Projekts "C:\Users\ultradr3mer\Downloads\ultraFlow\ultraFlow\ultraFlow.vcxproj" ist abgeschlossen, Build Ziel(e).

Build erfolgreich.

Verstrichene Zeit 00:00:10.11
