\\READYSHARE\USB_STORAGE\ULTRAFLOW\ULTRAFLOW\DEBUG\VC110.PDB
C:\USERS\ULTRADR3MER\ULTRAFLOW\ULTRAFLOW\DEBUG\CAPP.OBJ
C:\USERS\ULTRADR3MER\ULTRAFLOW\ULTRAFLOW\DEBUG\CAPP_ONCLEANUP.OBJ
C:\USERS\ULTRADR3MER\ULTRAFLOW\ULTRAFLOW\DEBUG\CAPP_ONEVENT.OBJ
C:\USERS\ULTRADR3MER\ULTRAFLOW\ULTRAFLOW\DEBUG\CAPP_ONINIT.OBJ
C:\USERS\ULTRADR3MER\ULTRAFLOW\ULTRAFLOW\DEBUG\CAPP_ONLOOP.OBJ
C:\USERS\ULTRADR3MER\ULTRAFLOW\ULTRAFLOW\DEBUG\CAPP_ONRENDER.OBJ
C:\USERS\ULTRADR3MER\ULTRAFLOW\ULTRAFLOW\DEBUG\GENFUNC.OBJ
C:\USERS\ULTRADR3MER\ULTRAFLOW\ULTRAFLOW\DEBUG\MATRIXGENERATOR.OBJ
C:\USERS\ULTRADR3MER\ULTRAFLOW\ULTRAFLOW\DEBUG\MESHDATA.OBJ
C:\USERS\ULTRADR3MER\ULTRAFLOW\ULTRAFLOW\DEBUG\SHADERDATA.OBJ
C:\USERS\ULTRADR3MER\ULTRAFLOW\ULTRAFLOW\DEBUG\TEXTURE.OBJ
C:\USERS\ULTRADR3MER\ULTRAFLOW\ULTRAFLOW\DEBUG\VC110.PDB
C:\USERS\ULTRADR3MER\ULTRAFLOW\ULTRAFLOW\DEBUG\DDSLOADER.OBJ
C:\USERS\ULTRADR3MER\ULTRAFLOW\ULTRAFLOW\DEBUG\MODEL.OBJ
C:\USERS\ULTRADR3MER\ULTRAFLOW\ULTRAFLOW\DEBUG\BASEFUNCTIONS.OBJ
C:\USERS\ULTRADR3MER\ULTRAFLOW\ULTRAFLOW\DEBUG\BASE.OBJ
C:\USERS\ULTRADR3MER\ULTRAFLOW\ULTRAFLOW\DEBUG\TEXTUREDATA.OBJ
C:\USERS\ULTRADR3MER\ULTRAFLOW\ULTRAFLOW\DEBUG\VIEWPORT.OBJ
C:\USERS\ULTRADR3MER\ULTRAFLOW\ULTRAFLOW\DEBUG\GAMEBASE.OBJ
C:\USERS\ULTRADR3MER\ULTRAFLOW\DEBUG\ULTRAFLOW.ILK
C:\USERS\ULTRADR3MER\ULTRAFLOW\DEBUG\ULTRAFLOW.EXE
C:\USERS\ULTRADR3MER\ULTRAFLOW\DEBUG\ULTRAFLOW.PDB
C:\Users\ultradr3mer\ultraFlow\ultraFlow\Debug\Base.obj
C:\Users\ultradr3mer\ultraFlow\ultraFlow\Debug\BaseFunctions.obj
C:\Users\ultradr3mer\ultraFlow\ultraFlow\Debug\CApp.obj
C:\Users\ultradr3mer\ultraFlow\ultraFlow\Debug\CApp_OnCleanup.obj
C:\Users\ultradr3mer\ultraFlow\ultraFlow\Debug\CApp_OnEvent.obj
C:\Users\ultradr3mer\ultraFlow\ultraFlow\Debug\CApp_OnInit.obj
C:\Users\ultradr3mer\ultraFlow\ultraFlow\Debug\CApp_OnRender.obj
C:\Users\ultradr3mer\ultraFlow\ultraFlow\Debug\dds.obj
C:\Users\ultradr3mer\ultraFlow\ultraFlow\Debug\DDSLoader.obj
C:\Users\ultradr3mer\ultraFlow\ultraFlow\Debug\GameBase.obj
C:\Users\ultradr3mer\ultraFlow\ultraFlow\Debug\GenFunc.obj
C:\Users\ultradr3mer\ultraFlow\ultraFlow\Debug\MatrixGenerator.obj
C:\Users\ultradr3mer\ultraFlow\ultraFlow\Debug\MeshData.obj
C:\Users\ultradr3mer\ultraFlow\ultraFlow\Debug\Model.obj
C:\Users\ultradr3mer\ultraFlow\ultraFlow\Debug\ShaderData.obj
C:\Users\ultradr3mer\ultraFlow\ultraFlow\Debug\Texture.obj
C:\Users\ultradr3mer\ultraFlow\ultraFlow\Debug\TextureData.obj
C:\Users\ultradr3mer\ultraFlow\ultraFlow\Debug\ViewPort.obj
C:\Users\ultradr3mer\ultraFlow\ultraFlow\Debug\cl.command.1.tlog
C:\Users\ultradr3mer\ultraFlow\ultraFlow\Debug\CL.read.1.tlog
C:\Users\ultradr3mer\ultraFlow\ultraFlow\Debug\CL.write.1.tlog
C:\Users\ultradr3mer\ultraFlow\ultraFlow\Debug\link-cvtres.read.1.tlog
C:\Users\ultradr3mer\ultraFlow\ultraFlow\Debug\link-cvtres.write.1.tlog
C:\Users\ultradr3mer\ultraFlow\ultraFlow\Debug\link-rc.read.1.tlog
C:\Users\ultradr3mer\ultraFlow\ultraFlow\Debug\link-rc.write.1.tlog
C:\Users\ultradr3mer\ultraFlow\ultraFlow\Debug\link.1500-cvtres.read.1.tlog
C:\Users\ultradr3mer\ultraFlow\ultraFlow\Debug\link.1500-cvtres.write.1.tlog
C:\Users\ultradr3mer\ultraFlow\ultraFlow\Debug\link.1500-rc.read.1.tlog
C:\Users\ultradr3mer\ultraFlow\ultraFlow\Debug\link.1500-rc.write.1.tlog
C:\Users\ultradr3mer\ultraFlow\ultraFlow\Debug\link.1500.read.1.tlog
C:\Users\ultradr3mer\ultraFlow\ultraFlow\Debug\link.1500.write.1.tlog
C:\Users\ultradr3mer\ultraFlow\ultraFlow\Debug\link.172-cvtres.read.1.tlog
C:\Users\ultradr3mer\ultraFlow\ultraFlow\Debug\link.172-cvtres.write.1.tlog
C:\Users\ultradr3mer\ultraFlow\ultraFlow\Debug\link.172-rc.read.1.tlog
C:\Users\ultradr3mer\ultraFlow\ultraFlow\Debug\link.172-rc.write.1.tlog
C:\Users\ultradr3mer\ultraFlow\ultraFlow\Debug\link.172.read.1.tlog
C:\Users\ultradr3mer\ultraFlow\ultraFlow\Debug\link.172.write.1.tlog
C:\Users\ultradr3mer\ultraFlow\ultraFlow\Debug\link.1988-cvtres.read.1.tlog
C:\Users\ultradr3mer\ultraFlow\ultraFlow\Debug\link.1988-cvtres.write.1.tlog
C:\Users\ultradr3mer\ultraFlow\ultraFlow\Debug\link.1988-rc.read.1.tlog
C:\Users\ultradr3mer\ultraFlow\ultraFlow\Debug\link.1988-rc.write.1.tlog
C:\Users\ultradr3mer\ultraFlow\ultraFlow\Debug\link.1988.read.1.tlog
C:\Users\ultradr3mer\ultraFlow\ultraFlow\Debug\link.1988.write.1.tlog
C:\Users\ultradr3mer\ultraFlow\ultraFlow\Debug\link.2648-cvtres.read.1.tlog
C:\Users\ultradr3mer\ultraFlow\ultraFlow\Debug\link.2648-cvtres.write.1.tlog
C:\Users\ultradr3mer\ultraFlow\ultraFlow\Debug\link.2648-rc.read.1.tlog
C:\Users\ultradr3mer\ultraFlow\ultraFlow\Debug\link.2648-rc.write.1.tlog
C:\Users\ultradr3mer\ultraFlow\ultraFlow\Debug\link.2648.read.1.tlog
C:\Users\ultradr3mer\ultraFlow\ultraFlow\Debug\link.2648.write.1.tlog
C:\Users\ultradr3mer\ultraFlow\ultraFlow\Debug\link.2676-cvtres.read.1.tlog
C:\Users\ultradr3mer\ultraFlow\ultraFlow\Debug\link.2676-cvtres.write.1.tlog
C:\Users\ultradr3mer\ultraFlow\ultraFlow\Debug\link.2676-rc.read.1.tlog
C:\Users\ultradr3mer\ultraFlow\ultraFlow\Debug\link.2676-rc.write.1.tlog
C:\Users\ultradr3mer\ultraFlow\ultraFlow\Debug\link.2676.read.1.tlog
C:\Users\ultradr3mer\ultraFlow\ultraFlow\Debug\link.2676.write.1.tlog
C:\Users\ultradr3mer\ultraFlow\ultraFlow\Debug\link.2812-cvtres.read.1.tlog
C:\Users\ultradr3mer\ultraFlow\ultraFlow\Debug\link.2812-cvtres.write.1.tlog
C:\Users\ultradr3mer\ultraFlow\ultraFlow\Debug\link.2812-rc.read.1.tlog
C:\Users\ultradr3mer\ultraFlow\ultraFlow\Debug\link.2812-rc.write.1.tlog
C:\Users\ultradr3mer\ultraFlow\ultraFlow\Debug\link.2812.read.1.tlog
C:\Users\ultradr3mer\ultraFlow\ultraFlow\Debug\link.2812.write.1.tlog
C:\Users\ultradr3mer\ultraFlow\ultraFlow\Debug\link.284-cvtres.read.1.tlog
C:\Users\ultradr3mer\ultraFlow\ultraFlow\Debug\link.284-cvtres.write.1.tlog
C:\Users\ultradr3mer\ultraFlow\ultraFlow\Debug\link.284-rc.read.1.tlog
C:\Users\ultradr3mer\ultraFlow\ultraFlow\Debug\link.284-rc.write.1.tlog
C:\Users\ultradr3mer\ultraFlow\ultraFlow\Debug\link.284.read.1.tlog
C:\Users\ultradr3mer\ultraFlow\ultraFlow\Debug\link.284.write.1.tlog
C:\Users\ultradr3mer\ultraFlow\ultraFlow\Debug\link.2972-cvtres.read.1.tlog
C:\Users\ultradr3mer\ultraFlow\ultraFlow\Debug\link.2972-cvtres.write.1.tlog
C:\Users\ultradr3mer\ultraFlow\ultraFlow\Debug\link.2972-rc.read.1.tlog
C:\Users\ultradr3mer\ultraFlow\ultraFlow\Debug\link.2972-rc.write.1.tlog
C:\Users\ultradr3mer\ultraFlow\ultraFlow\Debug\link.2972.read.1.tlog
C:\Users\ultradr3mer\ultraFlow\ultraFlow\Debug\link.2972.write.1.tlog
C:\Users\ultradr3mer\ultraFlow\ultraFlow\Debug\link.3156-cvtres.read.1.tlog
C:\Users\ultradr3mer\ultraFlow\ultraFlow\Debug\link.3156-cvtres.write.1.tlog
C:\Users\ultradr3mer\ultraFlow\ultraFlow\Debug\link.3156-rc.read.1.tlog
C:\Users\ultradr3mer\ultraFlow\ultraFlow\Debug\link.3156-rc.write.1.tlog
C:\Users\ultradr3mer\ultraFlow\ultraFlow\Debug\link.3156.read.1.tlog
C:\Users\ultradr3mer\ultraFlow\ultraFlow\Debug\link.3156.write.1.tlog
C:\Users\ultradr3mer\ultraFlow\ultraFlow\Debug\link.3204-cvtres.read.1.tlog
C:\Users\ultradr3mer\ultraFlow\ultraFlow\Debug\link.3204-cvtres.write.1.tlog
C:\Users\ultradr3mer\ultraFlow\ultraFlow\Debug\link.3204-rc.read.1.tlog
C:\Users\ultradr3mer\ultraFlow\ultraFlow\Debug\link.3204-rc.write.1.tlog
C:\Users\ultradr3mer\ultraFlow\ultraFlow\Debug\link.3204.read.1.tlog
C:\Users\ultradr3mer\ultraFlow\ultraFlow\Debug\link.3204.write.1.tlog
C:\Users\ultradr3mer\ultraFlow\ultraFlow\Debug\link.3876-cvtres.read.1.tlog
C:\Users\ultradr3mer\ultraFlow\ultraFlow\Debug\link.3876-cvtres.write.1.tlog
C:\Users\ultradr3mer\ultraFlow\ultraFlow\Debug\link.3876-rc.read.1.tlog
C:\Users\ultradr3mer\ultraFlow\ultraFlow\Debug\link.3876-rc.write.1.tlog
C:\Users\ultradr3mer\ultraFlow\ultraFlow\Debug\link.3876.read.1.tlog
C:\Users\ultradr3mer\ultraFlow\ultraFlow\Debug\link.3876.write.1.tlog
C:\Users\ultradr3mer\ultraFlow\ultraFlow\Debug\link.4116-cvtres.read.1.tlog
C:\Users\ultradr3mer\ultraFlow\ultraFlow\Debug\link.4116-cvtres.write.1.tlog
C:\Users\ultradr3mer\ultraFlow\ultraFlow\Debug\link.4116-rc.read.1.tlog
C:\Users\ultradr3mer\ultraFlow\ultraFlow\Debug\link.4116-rc.write.1.tlog
C:\Users\ultradr3mer\ultraFlow\ultraFlow\Debug\link.4116.read.1.tlog
C:\Users\ultradr3mer\ultraFlow\ultraFlow\Debug\link.4116.write.1.tlog
C:\Users\ultradr3mer\ultraFlow\ultraFlow\Debug\link.4220-cvtres.read.1.tlog
C:\Users\ultradr3mer\ultraFlow\ultraFlow\Debug\link.4220-cvtres.write.1.tlog
C:\Users\ultradr3mer\ultraFlow\ultraFlow\Debug\link.4220-rc.read.1.tlog
C:\Users\ultradr3mer\ultraFlow\ultraFlow\Debug\link.4220-rc.write.1.tlog
C:\Users\ultradr3mer\ultraFlow\ultraFlow\Debug\link.4220.read.1.tlog
C:\Users\ultradr3mer\ultraFlow\ultraFlow\Debug\link.4220.write.1.tlog
C:\Users\ultradr3mer\ultraFlow\ultraFlow\Debug\link.4240-cvtres.read.1.tlog
C:\Users\ultradr3mer\ultraFlow\ultraFlow\Debug\link.4240-cvtres.write.1.tlog
C:\Users\ultradr3mer\ultraFlow\ultraFlow\Debug\link.4240-rc.read.1.tlog
C:\Users\ultradr3mer\ultraFlow\ultraFlow\Debug\link.4240-rc.write.1.tlog
C:\Users\ultradr3mer\ultraFlow\ultraFlow\Debug\link.4240.read.1.tlog
C:\Users\ultradr3mer\ultraFlow\ultraFlow\Debug\link.4240.write.1.tlog
C:\Users\ultradr3mer\ultraFlow\ultraFlow\Debug\link.4288-cvtres.read.1.tlog
C:\Users\ultradr3mer\ultraFlow\ultraFlow\Debug\link.4288-cvtres.write.1.tlog
C:\Users\ultradr3mer\ultraFlow\ultraFlow\Debug\link.4288-rc.read.1.tlog
C:\Users\ultradr3mer\ultraFlow\ultraFlow\Debug\link.4288-rc.write.1.tlog
C:\Users\ultradr3mer\ultraFlow\ultraFlow\Debug\link.4288.read.1.tlog
C:\Users\ultradr3mer\ultraFlow\ultraFlow\Debug\link.4288.write.1.tlog
C:\Users\ultradr3mer\ultraFlow\ultraFlow\Debug\link.4460-cvtres.read.1.tlog
C:\Users\ultradr3mer\ultraFlow\ultraFlow\Debug\link.4460-cvtres.write.1.tlog
C:\Users\ultradr3mer\ultraFlow\ultraFlow\Debug\link.4460-rc.read.1.tlog
C:\Users\ultradr3mer\ultraFlow\ultraFlow\Debug\link.4460-rc.write.1.tlog
C:\Users\ultradr3mer\ultraFlow\ultraFlow\Debug\link.4460.read.1.tlog
C:\Users\ultradr3mer\ultraFlow\ultraFlow\Debug\link.4460.write.1.tlog
C:\Users\ultradr3mer\ultraFlow\ultraFlow\Debug\link.4572-cvtres.read.1.tlog
C:\Users\ultradr3mer\ultraFlow\ultraFlow\Debug\link.4572-cvtres.write.1.tlog
C:\Users\ultradr3mer\ultraFlow\ultraFlow\Debug\link.4572-rc.read.1.tlog
C:\Users\ultradr3mer\ultraFlow\ultraFlow\Debug\link.4572-rc.write.1.tlog
C:\Users\ultradr3mer\ultraFlow\ultraFlow\Debug\link.4572.read.1.tlog
C:\Users\ultradr3mer\ultraFlow\ultraFlow\Debug\link.4572.write.1.tlog
C:\Users\ultradr3mer\ultraFlow\ultraFlow\Debug\link.4636-cvtres.read.1.tlog
C:\Users\ultradr3mer\ultraFlow\ultraFlow\Debug\link.4636-cvtres.write.1.tlog
C:\Users\ultradr3mer\ultraFlow\ultraFlow\Debug\link.4636-rc.read.1.tlog
C:\Users\ultradr3mer\ultraFlow\ultraFlow\Debug\link.4636-rc.write.1.tlog
C:\Users\ultradr3mer\ultraFlow\ultraFlow\Debug\link.4636.read.1.tlog
C:\Users\ultradr3mer\ultraFlow\ultraFlow\Debug\link.4636.write.1.tlog
C:\Users\ultradr3mer\ultraFlow\ultraFlow\Debug\link.4656-cvtres.read.1.tlog
C:\Users\ultradr3mer\ultraFlow\ultraFlow\Debug\link.4656-cvtres.write.1.tlog
C:\Users\ultradr3mer\ultraFlow\ultraFlow\Debug\link.4656-rc.read.1.tlog
C:\Users\ultradr3mer\ultraFlow\ultraFlow\Debug\link.4656-rc.write.1.tlog
C:\Users\ultradr3mer\ultraFlow\ultraFlow\Debug\link.4656.read.1.tlog
C:\Users\ultradr3mer\ultraFlow\ultraFlow\Debug\link.4656.write.1.tlog
C:\Users\ultradr3mer\ultraFlow\ultraFlow\Debug\link.4984-cvtres.read.1.tlog
C:\Users\ultradr3mer\ultraFlow\ultraFlow\Debug\link.4984-cvtres.write.1.tlog
C:\Users\ultradr3mer\ultraFlow\ultraFlow\Debug\link.4984-rc.read.1.tlog
C:\Users\ultradr3mer\ultraFlow\ultraFlow\Debug\link.4984-rc.write.1.tlog
C:\Users\ultradr3mer\ultraFlow\ultraFlow\Debug\link.4984.read.1.tlog
C:\Users\ultradr3mer\ultraFlow\ultraFlow\Debug\link.4984.write.1.tlog
C:\Users\ultradr3mer\ultraFlow\ultraFlow\Debug\link.5096-cvtres.read.1.tlog
C:\Users\ultradr3mer\ultraFlow\ultraFlow\Debug\link.5096-cvtres.write.1.tlog
C:\Users\ultradr3mer\ultraFlow\ultraFlow\Debug\link.5096-rc.read.1.tlog
C:\Users\ultradr3mer\ultraFlow\ultraFlow\Debug\link.5096-rc.write.1.tlog
C:\Users\ultradr3mer\ultraFlow\ultraFlow\Debug\link.5096.read.1.tlog
C:\Users\ultradr3mer\ultraFlow\ultraFlow\Debug\link.5096.write.1.tlog
C:\Users\ultradr3mer\ultraFlow\ultraFlow\Debug\link.5172-cvtres.read.1.tlog
C:\Users\ultradr3mer\ultraFlow\ultraFlow\Debug\link.5172-cvtres.write.1.tlog
C:\Users\ultradr3mer\ultraFlow\ultraFlow\Debug\link.5172-rc.read.1.tlog
C:\Users\ultradr3mer\ultraFlow\ultraFlow\Debug\link.5172-rc.write.1.tlog
C:\Users\ultradr3mer\ultraFlow\ultraFlow\Debug\link.5172.read.1.tlog
C:\Users\ultradr3mer\ultraFlow\ultraFlow\Debug\link.5172.write.1.tlog
C:\Users\ultradr3mer\ultraFlow\ultraFlow\Debug\link.5388-cvtres.read.1.tlog
C:\Users\ultradr3mer\ultraFlow\ultraFlow\Debug\link.5388-cvtres.write.1.tlog
C:\Users\ultradr3mer\ultraFlow\ultraFlow\Debug\link.5388-rc.read.1.tlog
C:\Users\ultradr3mer\ultraFlow\ultraFlow\Debug\link.5388-rc.write.1.tlog
C:\Users\ultradr3mer\ultraFlow\ultraFlow\Debug\link.5388.read.1.tlog
C:\Users\ultradr3mer\ultraFlow\ultraFlow\Debug\link.5388.write.1.tlog
C:\Users\ultradr3mer\ultraFlow\ultraFlow\Debug\link.5408-cvtres.read.1.tlog
C:\Users\ultradr3mer\ultraFlow\ultraFlow\Debug\link.5408-cvtres.write.1.tlog
C:\Users\ultradr3mer\ultraFlow\ultraFlow\Debug\link.5408-rc.read.1.tlog
C:\Users\ultradr3mer\ultraFlow\ultraFlow\Debug\link.5408-rc.write.1.tlog
C:\Users\ultradr3mer\ultraFlow\ultraFlow\Debug\link.5408.read.1.tlog
C:\Users\ultradr3mer\ultraFlow\ultraFlow\Debug\link.5408.write.1.tlog
C:\Users\ultradr3mer\ultraFlow\ultraFlow\Debug\link.5432-cvtres.read.1.tlog
C:\Users\ultradr3mer\ultraFlow\ultraFlow\Debug\link.5432-cvtres.write.1.tlog
C:\Users\ultradr3mer\ultraFlow\ultraFlow\Debug\link.5432-rc.read.1.tlog
C:\Users\ultradr3mer\ultraFlow\ultraFlow\Debug\link.5432-rc.write.1.tlog
C:\Users\ultradr3mer\ultraFlow\ultraFlow\Debug\link.5432.read.1.tlog
C:\Users\ultradr3mer\ultraFlow\ultraFlow\Debug\link.5432.write.1.tlog
C:\Users\ultradr3mer\ultraFlow\ultraFlow\Debug\link.5440-cvtres.read.1.tlog
C:\Users\ultradr3mer\ultraFlow\ultraFlow\Debug\link.5440-cvtres.write.1.tlog
C:\Users\ultradr3mer\ultraFlow\ultraFlow\Debug\link.5440-rc.read.1.tlog
C:\Users\ultradr3mer\ultraFlow\ultraFlow\Debug\link.5440-rc.write.1.tlog
C:\Users\ultradr3mer\ultraFlow\ultraFlow\Debug\link.5440.read.1.tlog
C:\Users\ultradr3mer\ultraFlow\ultraFlow\Debug\link.5440.write.1.tlog
C:\Users\ultradr3mer\ultraFlow\ultraFlow\Debug\link.5484-cvtres.read.1.tlog
C:\Users\ultradr3mer\ultraFlow\ultraFlow\Debug\link.5484-cvtres.write.1.tlog
C:\Users\ultradr3mer\ultraFlow\ultraFlow\Debug\link.5484-rc.read.1.tlog
C:\Users\ultradr3mer\ultraFlow\ultraFlow\Debug\link.5484-rc.write.1.tlog
C:\Users\ultradr3mer\ultraFlow\ultraFlow\Debug\link.5484.read.1.tlog
C:\Users\ultradr3mer\ultraFlow\ultraFlow\Debug\link.5484.write.1.tlog
C:\Users\ultradr3mer\ultraFlow\ultraFlow\Debug\link.5488-cvtres.read.1.tlog
C:\Users\ultradr3mer\ultraFlow\ultraFlow\Debug\link.5488-cvtres.write.1.tlog
C:\Users\ultradr3mer\ultraFlow\ultraFlow\Debug\link.5488-rc.read.1.tlog
C:\Users\ultradr3mer\ultraFlow\ultraFlow\Debug\link.5488-rc.write.1.tlog
C:\Users\ultradr3mer\ultraFlow\ultraFlow\Debug\link.5488.read.1.tlog
C:\Users\ultradr3mer\ultraFlow\ultraFlow\Debug\link.5488.write.1.tlog
C:\Users\ultradr3mer\ultraFlow\ultraFlow\Debug\link.5540-cvtres.read.1.tlog
C:\Users\ultradr3mer\ultraFlow\ultraFlow\Debug\link.5540-cvtres.write.1.tlog
C:\Users\ultradr3mer\ultraFlow\ultraFlow\Debug\link.5540-rc.read.1.tlog
C:\Users\ultradr3mer\ultraFlow\ultraFlow\Debug\link.5540-rc.write.1.tlog
C:\Users\ultradr3mer\ultraFlow\ultraFlow\Debug\link.5540.read.1.tlog
C:\Users\ultradr3mer\ultraFlow\ultraFlow\Debug\link.5540.write.1.tlog
C:\Users\ultradr3mer\ultraFlow\ultraFlow\Debug\link.5612-cvtres.read.1.tlog
C:\Users\ultradr3mer\ultraFlow\ultraFlow\Debug\link.5612-cvtres.write.1.tlog
C:\Users\ultradr3mer\ultraFlow\ultraFlow\Debug\link.5612-rc.read.1.tlog
C:\Users\ultradr3mer\ultraFlow\ultraFlow\Debug\link.5612-rc.write.1.tlog
C:\Users\ultradr3mer\ultraFlow\ultraFlow\Debug\link.5612.read.1.tlog
C:\Users\ultradr3mer\ultraFlow\ultraFlow\Debug\link.5612.write.1.tlog
C:\Users\ultradr3mer\ultraFlow\ultraFlow\Debug\link.5908-cvtres.read.1.tlog
C:\Users\ultradr3mer\ultraFlow\ultraFlow\Debug\link.5908-cvtres.write.1.tlog
C:\Users\ultradr3mer\ultraFlow\ultraFlow\Debug\link.5908-rc.read.1.tlog
C:\Users\ultradr3mer\ultraFlow\ultraFlow\Debug\link.5908-rc.write.1.tlog
C:\Users\ultradr3mer\ultraFlow\ultraFlow\Debug\link.5908.read.1.tlog
C:\Users\ultradr3mer\ultraFlow\ultraFlow\Debug\link.5908.write.1.tlog
C:\Users\ultradr3mer\ultraFlow\ultraFlow\Debug\link.6000-cvtres.read.1.tlog
C:\Users\ultradr3mer\ultraFlow\ultraFlow\Debug\link.6000-cvtres.write.1.tlog
C:\Users\ultradr3mer\ultraFlow\ultraFlow\Debug\link.6000-rc.read.1.tlog
C:\Users\ultradr3mer\ultraFlow\ultraFlow\Debug\link.6000-rc.write.1.tlog
C:\Users\ultradr3mer\ultraFlow\ultraFlow\Debug\link.6000.read.1.tlog
C:\Users\ultradr3mer\ultraFlow\ultraFlow\Debug\link.6000.write.1.tlog
C:\Users\ultradr3mer\ultraFlow\ultraFlow\Debug\link.6044-cvtres.read.1.tlog
C:\Users\ultradr3mer\ultraFlow\ultraFlow\Debug\link.6044-cvtres.write.1.tlog
C:\Users\ultradr3mer\ultraFlow\ultraFlow\Debug\link.6044-rc.read.1.tlog
C:\Users\ultradr3mer\ultraFlow\ultraFlow\Debug\link.6044-rc.write.1.tlog
C:\Users\ultradr3mer\ultraFlow\ultraFlow\Debug\link.6044.read.1.tlog
C:\Users\ultradr3mer\ultraFlow\ultraFlow\Debug\link.6044.write.1.tlog
C:\Users\ultradr3mer\ultraFlow\ultraFlow\Debug\link.6572-cvtres.read.1.tlog
C:\Users\ultradr3mer\ultraFlow\ultraFlow\Debug\link.6572-cvtres.write.1.tlog
C:\Users\ultradr3mer\ultraFlow\ultraFlow\Debug\link.6572-rc.read.1.tlog
C:\Users\ultradr3mer\ultraFlow\ultraFlow\Debug\link.6572-rc.write.1.tlog
C:\Users\ultradr3mer\ultraFlow\ultraFlow\Debug\link.6572.read.1.tlog
C:\Users\ultradr3mer\ultraFlow\ultraFlow\Debug\link.6572.write.1.tlog
C:\Users\ultradr3mer\ultraFlow\ultraFlow\Debug\link.6904-cvtres.read.1.tlog
C:\Users\ultradr3mer\ultraFlow\ultraFlow\Debug\link.6904-cvtres.write.1.tlog
C:\Users\ultradr3mer\ultraFlow\ultraFlow\Debug\link.6904-rc.read.1.tlog
C:\Users\ultradr3mer\ultraFlow\ultraFlow\Debug\link.6904-rc.write.1.tlog
C:\Users\ultradr3mer\ultraFlow\ultraFlow\Debug\link.6904.read.1.tlog
C:\Users\ultradr3mer\ultraFlow\ultraFlow\Debug\link.6904.write.1.tlog
C:\Users\ultradr3mer\ultraFlow\ultraFlow\Debug\link.940-cvtres.read.1.tlog
C:\Users\ultradr3mer\ultraFlow\ultraFlow\Debug\link.940-cvtres.write.1.tlog
C:\Users\ultradr3mer\ultraFlow\ultraFlow\Debug\link.940-rc.read.1.tlog
C:\Users\ultradr3mer\ultraFlow\ultraFlow\Debug\link.940-rc.write.1.tlog
C:\Users\ultradr3mer\ultraFlow\ultraFlow\Debug\link.940.read.1.tlog
C:\Users\ultradr3mer\ultraFlow\ultraFlow\Debug\link.940.write.1.tlog
C:\Users\ultradr3mer\ultraFlow\ultraFlow\Debug\link.952-cvtres.read.1.tlog
C:\Users\ultradr3mer\ultraFlow\ultraFlow\Debug\link.952-cvtres.write.1.tlog
C:\Users\ultradr3mer\ultraFlow\ultraFlow\Debug\link.952-rc.read.1.tlog
C:\Users\ultradr3mer\ultraFlow\ultraFlow\Debug\link.952-rc.write.1.tlog
C:\Users\ultradr3mer\ultraFlow\ultraFlow\Debug\link.952.read.1.tlog
C:\Users\ultradr3mer\ultraFlow\ultraFlow\Debug\link.952.write.1.tlog
C:\Users\ultradr3mer\ultraFlow\ultraFlow\Debug\link.command.1.tlog
C:\Users\ultradr3mer\ultraFlow\ultraFlow\Debug\link.read.1.tlog
C:\Users\ultradr3mer\ultraFlow\ultraFlow\Debug\link.write.1.tlog
C:\Users\ultradr3mer\ultraFlow\ultraFlow\Debug\vc110.idb
C:\Users\ultradr3mer\ultraFlow\ultraFlow\Debug\vc110.pdb
C:\Users\ultradr3mer\ultraFlow\Debug\ultraFlow.pdb
C:\Users\ultradr3mer\ultraFlow\Debug\ultraFlow.exe
C:\Users\ultradr3mer\ultraFlow\Debug\ultraFlow.ilk
