C:\USERS\ULTRADR3MER\ULTRAFLOW\ULTRAFLOW\RELEASE\CAPP_ONRENDER.OBJ
C:\USERS\ULTRADR3MER\ULTRAFLOW\ULTRAFLOW\RELEASE\CAPP_ONLOOP.OBJ
C:\USERS\ULTRADR3MER\ULTRAFLOW\ULTRAFLOW\RELEASE\CAPP_ONINIT.OBJ
C:\USERS\ULTRADR3MER\ULTRAFLOW\ULTRAFLOW\RELEASE\CAPP_ONEVENT.OBJ
C:\USERS\ULTRADR3MER\ULTRAFLOW\ULTRAFLOW\RELEASE\CAPP_ONCLEANUP.OBJ
C:\USERS\ULTRADR3MER\ULTRAFLOW\ULTRAFLOW\RELEASE\CAPP.OBJ
C:\USERS\ULTRADR3MER\ULTRAFLOW\ULTRAFLOW\RELEASE\VC110.PDB
C:\Users\ultradr3mer\ultraFlow\ultraFlow\Release\CApp.obj
C:\Users\ultradr3mer\ultraFlow\ultraFlow\Release\CApp_OnCleanup.obj
C:\Users\ultradr3mer\ultraFlow\ultraFlow\Release\CApp_OnEvent.obj
C:\Users\ultradr3mer\ultraFlow\ultraFlow\Release\CApp_OnInit.obj
C:\Users\ultradr3mer\ultraFlow\ultraFlow\Release\CApp_OnLoop.obj
C:\Users\ultradr3mer\ultraFlow\ultraFlow\Release\CApp_OnRender.obj
C:\Users\ultradr3mer\ultraFlow\ultraFlow\Release\cl.command.1.tlog
C:\Users\ultradr3mer\ultraFlow\ultraFlow\Release\CL.read.1.tlog
C:\Users\ultradr3mer\ultraFlow\ultraFlow\Release\CL.write.1.tlog
C:\Users\ultradr3mer\ultraFlow\ultraFlow\Release\link.command.1.tlog
C:\Users\ultradr3mer\ultraFlow\ultraFlow\Release\link.read.1.tlog
C:\Users\ultradr3mer\ultraFlow\ultraFlow\Release\link.write.1.tlog
C:\Users\ultradr3mer\ultraFlow\ultraFlow\Release\vc110.pdb
