Der Buildvorgang wurde am 11.11.2012 18:12:06 gestartet.
     1>Projekt "C:\Users\ultradr3mer\ultraFlow\ultraFlow\ultraFlow.vcxproj" auf Knoten "2", Rebuild Ziel(e).
     1>ClCompile:
         C:\Program Files (x86)\Microsoft Visual Studio 11.0\VC\bin\CL.exe /c /I"C:\Users\ultradr3mer\glew-1.9.0\include" /I"C:\Users\ultradr3mer\glut-3.6\include" /I"C:\Users\ultradr3mer\SDL-2.0.0-6668\include" /Zi /nologo /W3 /WX- /O2 /Oi /Oy- /GL /D WIN32 /D NDEBUG /D _CONSOLE /D _UNICODE /D UNICODE /Gm- /EHsc /MD /GS /Gy /fp:precise /Zc:wchar_t /Zc:forScope /Fo"Release\\" /Fd"Release\vc110.pdb" /Gd /TP /analyze- /errorReport:prompt CApp.cpp CApp_OnCleanup.cpp CApp_OnEvent.cpp CApp_OnInit.cpp CApp_OnLoop.cpp CApp_OnRender.cpp
         CApp.cpp
         CApp_OnCleanup.cpp
         CApp_OnEvent.cpp
         CApp_OnInit.cpp
         CApp_OnLoop.cpp
         CApp_OnRender.cpp
     1>CApp_OnRender.cpp(10): warning C4996: 'fopen': This function or variable may be unsafe. Consider using fopen_s instead. To disable deprecation, use _CRT_SECURE_NO_WARNINGS. See online help for details.
                 C:\Program Files (x86)\Microsoft Visual Studio 11.0\VC\include\stdio.h(218): Siehe Deklaration von 'fopen'
       Link:
         C:\Program Files (x86)\Microsoft Visual Studio 11.0\VC\bin\link.exe /ERRORREPORT:PROMPT /OUT:"C:\Users\ultradr3mer\ultraFlow\Release\ultraFlow.exe" /INCREMENTAL:NO /NOLOGO /LIBPATH:"C:\Users\ultradr3mer\SDL-2.0.0-6668\lib" /LIBPATH:"C:\Users\ultradr3mer\glut-3.6\lib\glut" /LIBPATH:"C:\Users\ultradr3mer\glew-1.9.0\lib" SDLmain.lib SDL.lib OpenGL32.lib GLu32.lib glew32.lib kernel32.lib user32.lib gdi32.lib winspool.lib comdlg32.lib advapi32.lib shell32.lib ole32.lib oleaut32.lib uuid.lib odbc32.lib odbccp32.lib /MANIFEST /MANIFESTUAC:"level='asInvoker' uiAccess='false'" /manifest:embed /DEBUG /PDB:"C:\Users\ultradr3mer\ultraFlow\Release\ultraFlow.pdb" /SUBSYSTEM:CONSOLE /OPT:REF /OPT:ICF /LTCG /TLBID:1 /DYNAMICBASE /NXCOMPAT /IMPLIB:"C:\Users\ultradr3mer\ultraFlow\Release\ultraFlow.lib" /MACHINE:X86 /SAFESEH Release\CApp.obj
         Release\CApp_OnCleanup.obj
         Release\CApp_OnEvent.obj
         Release\CApp_OnInit.obj
         Release\CApp_OnLoop.obj
         Release\CApp_OnRender.obj
     1>MSVCRT.lib(cinitexe.obj) : warning LNK4098: Standardbibliothek "msvcrtd.lib" steht in Konflikt mit anderen Bibliotheken; /NODEFAULTLIB:Bibliothek verwenden.
         Code wird generiert.
         Codegenerierung ist abgeschlossen.
         ultraFlow.vcxproj -> C:\Users\ultradr3mer\ultraFlow\Release\ultraFlow.exe
     1>Die Erstellung des Projekts "C:\Users\ultradr3mer\ultraFlow\ultraFlow\ultraFlow.vcxproj" ist abgeschlossen, Rebuild Ziel(e).

Build erfolgreich.

Verstrichene Zeit 00:00:07.06
